<?xml version="1.0" encoding="UTF-8"?>
<!-- Generated by org.testng.reporters.JUnitReportReporter -->
<testsuite hostname="PF3APVCD" failures="0" tests="1" name="Excel.excel" time="0.604" errors="0" timestamp="2024-06-11T11:45:58 IST" skipped="0">
  <testcase classname="Excel.excel" name="fetchExcelData" time="0.604"/>
  <system-out/>
</testsuite> <!-- Excel.excel -->
