<?xml version="1.0" encoding="UTF-8"?>
<!-- Generated by org.testng.reporters.JUnitReportReporter -->
<testsuite hostname="PF3APVCD" failures="0" tests="1" name="com.Investor.tests.LoginInvestorPortal" time="20.729" errors="0" timestamp="2024-06-06T19:36:28 IST" skipped="0">
  <testcase classname="com.Investor.tests.LoginInvestorPortal" name="userLoginByNewlySetPassword" time="20.729"/>
  <system-out/>
</testsuite> <!-- com.Investor.tests.LoginInvestorPortal -->
